WARNING : Could not find a target 'html', but found a target 'web' with format='html'; using this target.
INFO    : Building target web
INFO    : Generating any needed assets.
INFO    : Finished generating assets.

INFO    : Preparing to build into C:\Users\CKG\Documents\Pretext\math\algebra-precalculus\output\web.
WARNING : Node.js must be installed to build CSS files.  Please install node.js and npm.
 Will try to use prebuilt CSS files instead.
WARNING : Cannot find npm.  Will try to use prebuilt CSS files instead.
WARNING : Unable to install npm packages to build css files.  Non-default CSS themes require node.js and npm to be installed.  See https://pretextbook.org/doc/guide/html/node-and-npm.html
WARNING : 
INFO    : discovering source file's directory name: C:\Users\CKG\Documents\Pretext\math\algebra-precalculus\source
INFO    : verifying and expanding input directory: C:\Users\CKG\Documents\Pretext\math\algebra-precalculus\source\../generated-assets
INFO    : input directory expanded to absolute path: C:\Users\CKG\Documents\Pretext\math\algebra-precalculus\generated-assets
INFO    : verifying and expanding input directory: C:\Users\CKG\Documents\Pretext\math\algebra-precalculus\source\../assets
INFO    : input directory expanded to absolute path: C:\Users\CKG\Documents\Pretext\math\algebra-precalculus\assets
INFO    : Runestone Services via online CDN query: version 7.5.9
INFO    : Downloading Runestone Services, version 7.5.9
INFO    : Extracting Runestone Services from archive file
INFO    : XSL conversion of C:\Users\CKG\Documents\Pretext\math\algebra-precalculus\source\main.ptx by C:\Users\CKG\.ptx\2.13.5\core\xsl\utilities\report-publisher-variables.xsl
INFO    : successful application of C:\Users\CKG\.ptx\2.13.5\core\xsl\utilities\report-publisher-variables.xsl
INFO    : Node.js not available. Relying on prebuilt default-modern.
INFO    : converting C:\Users\CKG\Documents\Pretext\math\algebra-precalculus\source\main.ptx to HTML in C:\Users\CKG\AppData\Local\Temp\ptx-wjapetv4
INFO    : XSL conversion of C:\Users\CKG\Documents\Pretext\math\algebra-precalculus\source\main.ptx by C:\Users\CKG\.ptx\2.13.5\core\xsl\pretext-html.xsl
INFO    : messages from the log for XSL processing:
INFO    : * PTX:INFO:   checking ONLY the last TWO YEARS of element deprecations.
Rerun with the string parameter "author.deprecations.all" set to "yes" to check your source against all deprecations.
INFO    : successful application of C:\Users\CKG\.ptx\2.13.5\core\xsl\pretext-html.xsl
INFO    : Removing temporary directory C:\Users\CKG\AppData\Local\Temp\ptx-wjapetv4
INFO    : Removing temporary directory C:\Users\CKG\AppData\Local\Temp\ptx-_ghv41fo
INFO    : 
Success! Run `pretext view` to see the results.

INFO    : 
