WARNING : Using CLI version 2.17.1 but project's `requirements.txt`
WARNING : is configured to use 2.13.5. Consider either installing
WARNING : CLI version 2.13.5 or running `pretext update`
WARNING : to update `requirements.txt` and other managed files to match 2.17.1.
INFO    : Building target web
INFO    : XSL conversion of C:\Users\CKG\Documents\Pretext\math\algebra-precalculus\source\main.ptx by C:\Users\CKG\.ptx\2.17.1\core\xsl\utilities\pretext-enhanced-source.xsl
INFO    : successful application of C:\Users\CKG\.ptx\2.17.1\core\xsl\utilities\pretext-enhanced-source.xsl
INFO    : Generating any needed assets.
INFO    : XSL conversion of C:\Users\CKG\Documents\Pretext\math\algebra-precalculus\source\main.ptx by C:\Users\CKG\.ptx\2.17.1\core\xsl\utilities\pretext-enhanced-source.xsl
INFO    : successful application of C:\Users\CKG\.ptx\2.17.1\core\xsl\utilities\pretext-enhanced-source.xsl
INFO    : XSL conversion of C:\Users\CKG\Documents\Pretext\math\algebra-precalculus\source\main.ptx by C:\Users\CKG\.ptx\2.17.1\core\xsl\utilities\pretext-enhanced-source.xsl
INFO    : successful application of C:\Users\CKG\.ptx\2.17.1\core\xsl\utilities\pretext-enhanced-source.xsl
INFO    : XSL conversion of C:\Users\CKG\Documents\Pretext\math\algebra-precalculus\source\main.ptx by C:\Users\CKG\.ptx\2.17.1\core\xsl\utilities\pretext-enhanced-source.xsl
INFO    : successful application of C:\Users\CKG\.ptx\2.17.1\core\xsl\utilities\pretext-enhanced-source.xsl
INFO    : XSL conversion of C:\Users\CKG\Documents\Pretext\math\algebra-precalculus\source\main.ptx by C:\Users\CKG\.ptx\2.17.1\core\xsl\utilities\pretext-enhanced-source.xsl
INFO    : successful application of C:\Users\CKG\.ptx\2.17.1\core\xsl\utilities\pretext-enhanced-source.xsl
INFO    : XSL conversion of C:\Users\CKG\Documents\Pretext\math\algebra-precalculus\source\main.ptx by C:\Users\CKG\.ptx\2.17.1\core\xsl\utilities\pretext-enhanced-source.xsl
INFO    : successful application of C:\Users\CKG\.ptx\2.17.1\core\xsl\utilities\pretext-enhanced-source.xsl
INFO    : XSL conversion of C:\Users\CKG\Documents\Pretext\math\algebra-precalculus\source\main.ptx by C:\Users\CKG\.ptx\2.17.1\core\xsl\utilities\pretext-enhanced-source.xsl
INFO    : successful application of C:\Users\CKG\.ptx\2.17.1\core\xsl\utilities\pretext-enhanced-source.xsl
INFO    : XSL conversion of C:\Users\CKG\Documents\Pretext\math\algebra-precalculus\source\main.ptx by C:\Users\CKG\.ptx\2.17.1\core\xsl\utilities\pretext-enhanced-source.xsl
INFO    : successful application of C:\Users\CKG\.ptx\2.17.1\core\xsl\utilities\pretext-enhanced-source.xsl
INFO    : XSL conversion of C:\Users\CKG\Documents\Pretext\math\algebra-precalculus\source\main.ptx by C:\Users\CKG\.ptx\2.17.1\core\xsl\utilities\pretext-enhanced-source.xsl
INFO    : successful application of C:\Users\CKG\.ptx\2.17.1\core\xsl\utilities\pretext-enhanced-source.xsl
INFO    : XSL conversion of C:\Users\CKG\Documents\Pretext\math\algebra-precalculus\source\main.ptx by C:\Users\CKG\.ptx\2.17.1\core\xsl\utilities\pretext-enhanced-source.xsl
INFO    : successful application of C:\Users\CKG\.ptx\2.17.1\core\xsl\utilities\pretext-enhanced-source.xsl
INFO    : XSL conversion of C:\Users\CKG\Documents\Pretext\math\algebra-precalculus\source\main.ptx by C:\Users\CKG\.ptx\2.17.1\core\xsl\utilities\pretext-enhanced-source.xsl
INFO    : successful application of C:\Users\CKG\.ptx\2.17.1\core\xsl\utilities\pretext-enhanced-source.xsl
INFO    : XSL conversion of C:\Users\CKG\Documents\Pretext\math\algebra-precalculus\source\main.ptx by C:\Users\CKG\.ptx\2.17.1\core\xsl\utilities\pretext-enhanced-source.xsl
INFO    : successful application of C:\Users\CKG\.ptx\2.17.1\core\xsl\utilities\pretext-enhanced-source.xsl
INFO    : XSL conversion of C:\Users\CKG\Documents\Pretext\math\algebra-precalculus\source\main.ptx by C:\Users\CKG\.ptx\2.17.1\core\xsl\utilities\pretext-enhanced-source.xsl
INFO    : successful application of C:\Users\CKG\.ptx\2.17.1\core\xsl\utilities\pretext-enhanced-source.xsl
INFO    : XSL conversion of C:\Users\CKG\Documents\Pretext\math\algebra-precalculus\source\main.ptx by C:\Users\CKG\.ptx\2.17.1\core\xsl\utilities\pretext-enhanced-source.xsl
INFO    : successful application of C:\Users\CKG\.ptx\2.17.1\core\xsl\utilities\pretext-enhanced-source.xsl
INFO    : XSL conversion of C:\Users\CKG\Documents\Pretext\math\algebra-precalculus\source\main.ptx by C:\Users\CKG\.ptx\2.17.1\core\xsl\utilities\pretext-enhanced-source.xsl
INFO    : successful application of C:\Users\CKG\.ptx\2.17.1\core\xsl\utilities\pretext-enhanced-source.xsl
INFO    : using playwright package to determine substitutions in dynamic exercises from C:\Users\CKG\Documents\Pretext\math\algebra-precalculus\source\main.ptx
INFO    : Downloading rs services file from https://runestone.academy/cdn/runestone/latest/webpack_static_imports.xml.
INFO    : Runestone Services via online CDN query: version 7.7.5
INFO    : Downloading Runestone Services, version 7.7.5
INFO    : Extracting Runestone Services from archive file
INFO    : discovering source file's directory name: C:\Users\CKG\Documents\Pretext\math\algebra-precalculus\source
INFO    : verifying and expanding input directory: C:\Users\CKG\Documents\Pretext\math\algebra-precalculus\source\../generated-assets
INFO    : input directory expanded to absolute path: C:\Users\CKG\Documents\Pretext\math\algebra-precalculus\generated-assets
INFO    : verifying and expanding input directory: C:\Users\CKG\Documents\Pretext\math\algebra-precalculus\source\../assets
INFO    : input directory expanded to absolute path: C:\Users\CKG\Documents\Pretext\math\algebra-precalculus\assets
INFO    : XSL conversion of C:\Users\CKG\Documents\Pretext\math\algebra-precalculus\source\main.ptx by C:\Users\CKG\.ptx\2.17.1\core\xsl\extract-dynamic.xsl
INFO    : messages from the log for XSL processing:
INFO    : * PTX:INFO:   checking ONLY the last TWO YEARS of element deprecations.
Rerun with the string parameter "author.deprecations.all" set to "yes" to check your source against all deprecations.
INFO    : successful application of C:\Users\CKG\.ptx\2.17.1\core\xsl\extract-dynamic.xsl
INFO    : Opening subprocess http.server with port=8888
INFO    : Storing dynamic substitutions in file C:\Users\CKG\Documents\Pretext\math\algebra-precalculus\generated-assets\dynamic_subs\dynamic_substitutions.xml
INFO    : extracting substitutions for exercise-interactive with identifier "trig-exact" on page http://localhost:8888\trig-exact.html
INFO    : Closing http.server subprocess
