WARNING : Using CLI version 2.17.1 but project's `requirements.txt`
WARNING : is configured to use 2.13.5. Consider either installing
WARNING : CLI version 2.13.5 or running `pretext update`
WARNING : to update `requirements.txt` and other managed files to match 2.17.1.
INFO    : Staging deployment according to strategy default_target
INFO    : Since no target was supplied, we will use "web".

INFO    : Staging latest build located in `C:\Users\CKG\Documents\Pretext\math\algebra-precalculus\output\web` at `C:\Users\CKG\Documents\Pretext\math\algebra-precalculus\output\stage`.
INFO    : 
INFO    : Preparing to deploy from active `master` git branch.

INFO    : Changes to project source since last commit detected.
INFO    : Committing these changes to local Git repository.

INFO    : Committing your latest build to the `gh-pages` branch.
INFO    : 
INFO    : Attempting to connect to remote repository at `git@github.com:CameronGeisler/algebra-precalculus.git`...
INFO    : 
INFO    : 
INFO    : Latest build successfully pushed to GitHub!

INFO    : 
INFO    : To enable GitHub Pages, visit
INFO    :     https://github.com/CameronGeisler/algebra-precalculus/settings/pages
INFO    : selecting the `gh-pages` branch with the `/ (root)` folder.

INFO    : Visit
INFO    :     https://github.com/CameronGeisler/algebra-precalculus/actions/
INFO    : to check on the status of your GitHub Pages deployment.

INFO    : Your built project will soon be available to the public at:
INFO    :     https://CameronGeisler.github.io/algebra-precalculus/
INFO    : 
