WARNING : Using CLI version 2.17.1 but project's `requirements.txt`
WARNING : is configured to use 2.13.5. Consider either installing
WARNING : CLI version 2.13.5 or running `pretext update`
WARNING : to update `requirements.txt` and other managed files to match 2.17.1.
WARNING : Could not find a target 'html', but found a target 'web' with format='html'; using this target.
INFO    : Building target web
INFO    : XSL conversion of C:\Users\CKG\Documents\Pretext\math\algebra-precalculus\source\main.ptx by C:\Users\CKG\.ptx\2.17.1\core\xsl\utilities\pretext-enhanced-source.xsl
INFO    : successful application of C:\Users\CKG\.ptx\2.17.1\core\xsl\utilities\pretext-enhanced-source.xsl
INFO    : Generating any needed assets.
INFO    : XSL conversion of C:\Users\CKG\Documents\Pretext\math\algebra-precalculus\source\main.ptx by C:\Users\CKG\.ptx\2.17.1\core\xsl\utilities\pretext-enhanced-source.xsl
INFO    : successful application of C:\Users\CKG\.ptx\2.17.1\core\xsl\utilities\pretext-enhanced-source.xsl
INFO    : XSL conversion of C:\Users\CKG\Documents\Pretext\math\algebra-precalculus\source\main.ptx by C:\Users\CKG\.ptx\2.17.1\core\xsl\utilities\pretext-enhanced-source.xsl
INFO    : successful application of C:\Users\CKG\.ptx\2.17.1\core\xsl\utilities\pretext-enhanced-source.xsl
INFO    : XSL conversion of C:\Users\CKG\Documents\Pretext\math\algebra-precalculus\source\main.ptx by C:\Users\CKG\.ptx\2.17.1\core\xsl\utilities\pretext-enhanced-source.xsl
INFO    : successful application of C:\Users\CKG\.ptx\2.17.1\core\xsl\utilities\pretext-enhanced-source.xsl
INFO    : XSL conversion of C:\Users\CKG\Documents\Pretext\math\algebra-precalculus\source\main.ptx by C:\Users\CKG\.ptx\2.17.1\core\xsl\utilities\pretext-enhanced-source.xsl
INFO    : successful application of C:\Users\CKG\.ptx\2.17.1\core\xsl\utilities\pretext-enhanced-source.xsl
INFO    : XSL conversion of C:\Users\CKG\Documents\Pretext\math\algebra-precalculus\source\main.ptx by C:\Users\CKG\.ptx\2.17.1\core\xsl\utilities\pretext-enhanced-source.xsl
INFO    : successful application of C:\Users\CKG\.ptx\2.17.1\core\xsl\utilities\pretext-enhanced-source.xsl
INFO    : XSL conversion of C:\Users\CKG\Documents\Pretext\math\algebra-precalculus\source\main.ptx by C:\Users\CKG\.ptx\2.17.1\core\xsl\utilities\pretext-enhanced-source.xsl
INFO    : successful application of C:\Users\CKG\.ptx\2.17.1\core\xsl\utilities\pretext-enhanced-source.xsl
INFO    : XSL conversion of C:\Users\CKG\Documents\Pretext\math\algebra-precalculus\source\main.ptx by C:\Users\CKG\.ptx\2.17.1\core\xsl\utilities\pretext-enhanced-source.xsl
INFO    : successful application of C:\Users\CKG\.ptx\2.17.1\core\xsl\utilities\pretext-enhanced-source.xsl
INFO    : XSL conversion of C:\Users\CKG\Documents\Pretext\math\algebra-precalculus\source\main.ptx by C:\Users\CKG\.ptx\2.17.1\core\xsl\utilities\pretext-enhanced-source.xsl
INFO    : successful application of C:\Users\CKG\.ptx\2.17.1\core\xsl\utilities\pretext-enhanced-source.xsl
INFO    : XSL conversion of C:\Users\CKG\Documents\Pretext\math\algebra-precalculus\source\main.ptx by C:\Users\CKG\.ptx\2.17.1\core\xsl\utilities\pretext-enhanced-source.xsl
INFO    : successful application of C:\Users\CKG\.ptx\2.17.1\core\xsl\utilities\pretext-enhanced-source.xsl
INFO    : XSL conversion of C:\Users\CKG\Documents\Pretext\math\algebra-precalculus\source\main.ptx by C:\Users\CKG\.ptx\2.17.1\core\xsl\utilities\pretext-enhanced-source.xsl
INFO    : successful application of C:\Users\CKG\.ptx\2.17.1\core\xsl\utilities\pretext-enhanced-source.xsl
INFO    : XSL conversion of C:\Users\CKG\Documents\Pretext\math\algebra-precalculus\source\main.ptx by C:\Users\CKG\.ptx\2.17.1\core\xsl\utilities\pretext-enhanced-source.xsl
INFO    : successful application of C:\Users\CKG\.ptx\2.17.1\core\xsl\utilities\pretext-enhanced-source.xsl
INFO    : XSL conversion of C:\Users\CKG\Documents\Pretext\math\algebra-precalculus\source\main.ptx by C:\Users\CKG\.ptx\2.17.1\core\xsl\utilities\pretext-enhanced-source.xsl
INFO    : successful application of C:\Users\CKG\.ptx\2.17.1\core\xsl\utilities\pretext-enhanced-source.xsl
INFO    : XSL conversion of C:\Users\CKG\Documents\Pretext\math\algebra-precalculus\source\main.ptx by C:\Users\CKG\.ptx\2.17.1\core\xsl\utilities\pretext-enhanced-source.xsl
INFO    : successful application of C:\Users\CKG\.ptx\2.17.1\core\xsl\utilities\pretext-enhanced-source.xsl
INFO    : XSL conversion of C:\Users\CKG\Documents\Pretext\math\algebra-precalculus\source\main.ptx by C:\Users\CKG\.ptx\2.17.1\core\xsl\utilities\pretext-enhanced-source.xsl
INFO    : successful application of C:\Users\CKG\.ptx\2.17.1\core\xsl\utilities\pretext-enhanced-source.xsl
INFO    : Finished generating assets.

INFO    : Preparing to build into C:\Users\CKG\Documents\Pretext\math\algebra-precalculus\output\web.
WARNING : Node.js must be installed to build CSS files.  Please install node.js and npm.
 Will try to use prebuilt CSS files instead.
WARNING : Cannot find npm.  Will try to use prebuilt CSS files instead.
WARNING : Unable to install npm packages to build css files.  Non-default CSS themes require node.js and npm to be installed.  See https://pretextbook.org/doc/guide/html/node-and-npm.html
WARNING : 
INFO    : discovering source file's directory name: C:\Users\CKG\Documents\Pretext\math\algebra-precalculus\source
INFO    : verifying and expanding input directory: C:\Users\CKG\Documents\Pretext\math\algebra-precalculus\source\../generated-assets
INFO    : input directory expanded to absolute path: C:\Users\CKG\Documents\Pretext\math\algebra-precalculus\generated-assets
INFO    : verifying and expanding input directory: C:\Users\CKG\Documents\Pretext\math\algebra-precalculus\source\../assets
INFO    : input directory expanded to absolute path: C:\Users\CKG\Documents\Pretext\math\algebra-precalculus\assets
INFO    : XSL conversion of C:\Users\CKG\Documents\Pretext\math\algebra-precalculus\source\main.ptx by C:\Users\CKG\.ptx\2.17.1\core\xsl\utilities\report-publisher-variables.xsl
INFO    : successful application of C:\Users\CKG\.ptx\2.17.1\core\xsl\utilities\report-publisher-variables.xsl
INFO    : Downloading rs services file from https://runestone.academy/cdn/runestone/latest/webpack_static_imports.xml.
INFO    : Runestone Services via online CDN query: version 7.6.1
INFO    : Downloading Runestone Services, version 7.6.1
INFO    : Extracting Runestone Services from archive file
INFO    : Node.js not available. Relying on prebuilt default-modern.
INFO    : Using prebuilt CSS theme: default-modern with options: {'options': {'primary-color': '#195684', 'secondary-color': '#932c1c'}, 'contrast-checks': {'primary-color': '#fff', 'secondary-color': '#fff', 'primary-color-dark': '#23241f'}}
INFO    : converting C:\Users\CKG\Documents\Pretext\math\algebra-precalculus\source\main.ptx to HTML in C:\Users\CKG\AppData\Local\Temp\ptx-768v33_1
INFO    : XSL conversion of C:\Users\CKG\Documents\Pretext\math\algebra-precalculus\source\main.ptx by C:\Users\CKG\.ptx\2.17.1\core\xsl\pretext-html.xsl
INFO    : messages from the log for XSL processing:
INFO    : * PTX:INFO:   checking ONLY the last TWO YEARS of element deprecations.
Rerun with the string parameter "author.deprecations.all" set to "yes" to check your source against all deprecations.
INFO    : successful application of C:\Users\CKG\.ptx\2.17.1\core\xsl\pretext-html.xsl
INFO    : Removing temporary directory C:\Users\CKG\AppData\Local\Temp\ptx-768v33_1
INFO    : Removing temporary directory C:\Users\CKG\AppData\Local\Temp\ptx-yqie5du5
INFO    : 
Success! Run `pretext view web` to see the results.

INFO    : 
